<?xml version="1.0" encoding="UTF-8"?>
<!-- Generated by org.testng.reporters.JUnitReportReporter -->
<testsuite hostname="Anik" failures="0" tests="4" name="testPages.HomePageTest" time="8.084" errors="0" timestamp="2023-04-03T13:26:01 CDT" skipped="3">
  <testcase classname="testPages.HomePageTest" name="clickTrackButtonTest" time="8.084"/>
  <system-out/>
  <testcase classname="testPages.HomePageTest" name="clickLoginButtonTest">
    <skipped/>
  </testcase> <!-- clickLoginButtonTest -->
  <system-out/>
  <testcase classname="testPages.HomePageTest" name="clickTrackingIdButtonTest">
    <skipped/>
  </testcase> <!-- clickTrackingIdButtonTest -->
  <system-out/>
  <testcase classname="testPages.HomePageTest" name="inputTextInTrackingIdButtonTest">
    <skipped/>
  </testcase> <!-- inputTextInTrackingIdButtonTest -->
  <system-out/>
</testsuite> <!-- testPages.HomePageTest -->
